2012-07-11 15:31:19,058 [AWT-EventQueue-0] INFO - Starting application, with config path: file:/home/xtecuan/Work/xtecuannet-framework/xtecuannet-framework-templater/xtecuannet-framework-templater/xtecuannet-framework-templater.properties
2012-07-11 15:31:19,082 [AWT-EventQueue-0] INFO - sv.gob.oj.sigju.model.entities
2012-07-11 15:31:19,083 [AWT-EventQueue-0] INFO - /home/xtecuan/Work/SigjuPatcher/SigjuPatcher/SigjuPatcher-model/src/sv/gob/oj/sigju/model/entities
2012-07-11 15:31:19,083 [AWT-EventQueue-0] INFO - /home/xtecuan/Work/SigjuPatcher/SigjuPatcher/SigjuPatcher-model/src/sv/gob/oj/sigju/model/services
2012-07-11 15:31:19,083 [AWT-EventQueue-0] INFO - /home/xtecuan/Work/SigjuPatcher/SigjuPatcher/SigjuPatcher-model/src/sv/gob/oj/sigju/model/services/impl
2012-07-11 15:31:19,083 [AWT-EventQueue-0] INFO - sv.gob.oj.sigju.model.services.impl
2012-07-11 15:31:22,718 [AWT-EventQueue-0] INFO - Closing Application!!!
2012-07-11 21:23:27,579 [AWT-EventQueue-0] INFO - Starting application, with config path: file:/home/xtecuan/Work/xtecuannet-framework/xtecuannet-framework-templater/xtecuannet-framework-templater/xtecuannet-framework-templater.properties
2012-07-11 21:23:27,593 [AWT-EventQueue-0] INFO - sv.gob.oj.sigju.model.entities
2012-07-11 21:23:27,593 [AWT-EventQueue-0] INFO - /home/xtecuan/Work/SigjuPatcher/SigjuPatcher/SigjuPatcher-model/src/sv/gob/oj/sigju/model/entities
2012-07-11 21:23:27,593 [AWT-EventQueue-0] INFO - /home/xtecuan/Work/SigjuPatcher/SigjuPatcher/SigjuPatcher-model/src/sv/gob/oj/sigju/model/services
2012-07-11 21:23:27,593 [AWT-EventQueue-0] INFO - /home/xtecuan/Work/SigjuPatcher/SigjuPatcher/SigjuPatcher-model/src/sv/gob/oj/sigju/model/services/impl
2012-07-11 21:23:27,594 [AWT-EventQueue-0] INFO - sv.gob.oj.sigju.model.services.impl
2012-07-11 21:23:32,359 [AWT-EventQueue-0] INFO - Creating: remoting-servlet.xml
2012-07-11 21:23:32,402 [AWT-EventQueue-0] INFO - File: remoting-servlet.xml already exists!!!
2012-07-11 21:23:42,977 [AWT-EventQueue-0] INFO - Closing Application!!!
2012-07-11 21:28:19,803 [AWT-EventQueue-0] INFO - Starting application, with config path: file:/home/xtecuan/Work/xtecuannet-framework/xtecuannet-framework-templater/xtecuannet-framework-templater/xtecuannet-framework-templater.properties
2012-07-11 21:28:19,811 [AWT-EventQueue-0] INFO - sv.gob.oj.sigju.model.entities
2012-07-11 21:28:19,816 [AWT-EventQueue-0] INFO - /home/xtecuan/Work/SigjuPatcher/SigjuPatcher/SigjuPatcher-model/src/sv/gob/oj/sigju/model/entities
2012-07-11 21:28:19,816 [AWT-EventQueue-0] INFO - /home/xtecuan/Work/SigjuPatcher/SigjuPatcher/SigjuPatcher-model/src/sv/gob/oj/sigju/model/services
2012-07-11 21:28:19,818 [AWT-EventQueue-0] INFO - /home/xtecuan/Work/SigjuPatcher/SigjuPatcher/SigjuPatcher-model/src/sv/gob/oj/sigju/model/services/impl
2012-07-11 21:28:19,818 [AWT-EventQueue-0] INFO - sv.gob.oj.sigju.model.services.impl
2012-07-11 21:28:24,844 [AWT-EventQueue-0] INFO - Creating: remoting-servlet.xml
2012-07-11 21:28:24,844 [AWT-EventQueue-0] INFO - File: remoting-servlet.xml already exists!!!
2012-07-11 21:28:24,850 [AWT-EventQueue-0] ERROR - Error al generar el archivo de template: remotingServlet.ftl
java.io.IOException: Destination '/home/xtecuan/Work/SigjuPatcher/SigjuPatcher/SigjuPatcher-war/web/WEB-INF/remoting-servlet.xml.orig' already exists
	at org.apache.commons.io.FileUtils.moveFile(FileUtils.java:1811)
	at com.xtesoft.xtecuannet.framework.templater.filler.RemotingServletConfigFiller.filloutTemplate(RemotingServletConfigFiller.java:45)
	at com.xtesoft.xtecuannet.framework.templater.gui.Templater.buttonRemotingServletActionPerformed(Templater.java:272)
	at com.xtesoft.xtecuannet.framework.templater.gui.Templater.access$1200(Templater.java:24)
	at com.xtesoft.xtecuannet.framework.templater.gui.Templater$12.actionPerformed(Templater.java:137)
	at javax.swing.AbstractButton.fireActionPerformed(AbstractButton.java:2018)
	at javax.swing.AbstractButton$Handler.actionPerformed(AbstractButton.java:2341)
	at javax.swing.DefaultButtonModel.fireActionPerformed(DefaultButtonModel.java:402)
	at javax.swing.DefaultButtonModel.setPressed(DefaultButtonModel.java:259)
	at javax.swing.plaf.basic.BasicButtonListener.mouseReleased(BasicButtonListener.java:252)
	at java.awt.Component.processMouseEvent(Component.java:6505)
	at javax.swing.JComponent.processMouseEvent(JComponent.java:3321)
	at java.awt.Component.processEvent(Component.java:6270)
	at java.awt.Container.processEvent(Container.java:2229)
	at java.awt.Component.dispatchEventImpl(Component.java:4861)
	at java.awt.Container.dispatchEventImpl(Container.java:2287)
	at java.awt.Component.dispatchEvent(Component.java:4687)
	at java.awt.LightweightDispatcher.retargetMouseEvent(Container.java:4832)
	at java.awt.LightweightDispatcher.processMouseEvent(Container.java:4492)
	at java.awt.LightweightDispatcher.dispatchEvent(Container.java:4422)
	at java.awt.Container.dispatchEventImpl(Container.java:2273)
	at java.awt.Window.dispatchEventImpl(Window.java:2719)
	at java.awt.Component.dispatchEvent(Component.java:4687)
	at java.awt.EventQueue.dispatchEventImpl(EventQueue.java:703)
	at java.awt.EventQueue.access$000(EventQueue.java:102)
	at java.awt.EventQueue$3.run(EventQueue.java:662)
	at java.awt.EventQueue$3.run(EventQueue.java:660)
	at java.security.AccessController.doPrivileged(Native Method)
	at java.security.ProtectionDomain$1.doIntersectionPrivilege(ProtectionDomain.java:76)
	at java.security.ProtectionDomain$1.doIntersectionPrivilege(ProtectionDomain.java:87)
	at java.awt.EventQueue$4.run(EventQueue.java:676)
	at java.awt.EventQueue$4.run(EventQueue.java:674)
	at java.security.AccessController.doPrivileged(Native Method)
	at java.security.ProtectionDomain$1.doIntersectionPrivilege(ProtectionDomain.java:76)
	at java.awt.EventQueue.dispatchEvent(EventQueue.java:673)
	at java.awt.EventDispatchThread.pumpOneEventForFilters(EventDispatchThread.java:244)
	at java.awt.EventDispatchThread.pumpEventsForFilter(EventDispatchThread.java:163)
	at java.awt.EventDispatchThread.pumpEventsForHierarchy(EventDispatchThread.java:151)
	at java.awt.EventDispatchThread.pumpEvents(EventDispatchThread.java:147)
	at java.awt.EventDispatchThread.pumpEvents(EventDispatchThread.java:139)
	at java.awt.EventDispatchThread.run(EventDispatchThread.java:97)
2012-07-11 21:28:36,785 [AWT-EventQueue-0] INFO - Closing Application!!!
2012-07-11 21:29:37,275 [AWT-EventQueue-0] INFO - Starting application, with config path: file:/home/xtecuan/Work/xtecuannet-framework/xtecuannet-framework-templater/xtecuannet-framework-templater/xtecuannet-framework-templater.properties
2012-07-11 21:29:37,287 [AWT-EventQueue-0] INFO - sv.gob.oj.sigju.model.entities
2012-07-11 21:29:37,288 [AWT-EventQueue-0] INFO - /home/xtecuan/Work/SigjuPatcher/SigjuPatcher/SigjuPatcher-model/src/sv/gob/oj/sigju/model/entities
2012-07-11 21:29:37,288 [AWT-EventQueue-0] INFO - /home/xtecuan/Work/SigjuPatcher/SigjuPatcher/SigjuPatcher-model/src/sv/gob/oj/sigju/model/services
2012-07-11 21:29:37,288 [AWT-EventQueue-0] INFO - /home/xtecuan/Work/SigjuPatcher/SigjuPatcher/SigjuPatcher-model/src/sv/gob/oj/sigju/model/services/impl
2012-07-11 21:29:37,289 [AWT-EventQueue-0] INFO - sv.gob.oj.sigju.model.services.impl
2012-07-11 21:29:39,626 [AWT-EventQueue-0] INFO - Creating: remoting-servlet.xml
2012-07-11 21:29:39,627 [AWT-EventQueue-0] INFO - File: remoting-servlet.xml already exists!!!
2012-07-11 21:29:39,632 [AWT-EventQueue-0] ERROR - Error al generar el archivo de template: remotingServlet.ftl
java.io.IOException: Destination '/home/xtecuan/Work/SigjuPatcher/SigjuPatcher/SigjuPatcher-war/web/WEB-INF/remoting-servlet.xml.orig' already exists
	at org.apache.commons.io.FileUtils.moveFile(FileUtils.java:1811)
	at com.xtesoft.xtecuannet.framework.templater.filler.RemotingServletConfigFiller.filloutTemplate(RemotingServletConfigFiller.java:45)
	at com.xtesoft.xtecuannet.framework.templater.gui.Templater.buttonRemotingServletActionPerformed(Templater.java:272)
	at com.xtesoft.xtecuannet.framework.templater.gui.Templater.access$1200(Templater.java:24)
	at com.xtesoft.xtecuannet.framework.templater.gui.Templater$12.actionPerformed(Templater.java:137)
	at javax.swing.AbstractButton.fireActionPerformed(AbstractButton.java:2018)
	at javax.swing.AbstractButton$Handler.actionPerformed(AbstractButton.java:2341)
	at javax.swing.DefaultButtonModel.fireActionPerformed(DefaultButtonModel.java:402)
	at javax.swing.DefaultButtonModel.setPressed(DefaultButtonModel.java:259)
	at javax.swing.plaf.basic.BasicButtonListener.mouseReleased(BasicButtonListener.java:252)
	at java.awt.Component.processMouseEvent(Component.java:6505)
	at javax.swing.JComponent.processMouseEvent(JComponent.java:3321)
	at java.awt.Component.processEvent(Component.java:6270)
	at java.awt.Container.processEvent(Container.java:2229)
	at java.awt.Component.dispatchEventImpl(Component.java:4861)
	at java.awt.Container.dispatchEventImpl(Container.java:2287)
	at java.awt.Component.dispatchEvent(Component.java:4687)
	at java.awt.LightweightDispatcher.retargetMouseEvent(Container.java:4832)
	at java.awt.LightweightDispatcher.processMouseEvent(Container.java:4492)
	at java.awt.LightweightDispatcher.dispatchEvent(Container.java:4422)
	at java.awt.Container.dispatchEventImpl(Container.java:2273)
	at java.awt.Window.dispatchEventImpl(Window.java:2719)
	at java.awt.Component.dispatchEvent(Component.java:4687)
	at java.awt.EventQueue.dispatchEventImpl(EventQueue.java:703)
	at java.awt.EventQueue.access$000(EventQueue.java:102)
	at java.awt.EventQueue$3.run(EventQueue.java:662)
	at java.awt.EventQueue$3.run(EventQueue.java:660)
	at java.security.AccessController.doPrivileged(Native Method)
	at java.security.ProtectionDomain$1.doIntersectionPrivilege(ProtectionDomain.java:76)
	at java.security.ProtectionDomain$1.doIntersectionPrivilege(ProtectionDomain.java:87)
	at java.awt.EventQueue$4.run(EventQueue.java:676)
	at java.awt.EventQueue$4.run(EventQueue.java:674)
	at java.security.AccessController.doPrivileged(Native Method)
	at java.security.ProtectionDomain$1.doIntersectionPrivilege(ProtectionDomain.java:76)
	at java.awt.EventQueue.dispatchEvent(EventQueue.java:673)
	at java.awt.EventDispatchThread.pumpOneEventForFilters(EventDispatchThread.java:244)
	at java.awt.EventDispatchThread.pumpEventsForFilter(EventDispatchThread.java:163)
	at java.awt.EventDispatchThread.pumpEventsForHierarchy(EventDispatchThread.java:151)
	at java.awt.EventDispatchThread.pumpEvents(EventDispatchThread.java:147)
	at java.awt.EventDispatchThread.pumpEvents(EventDispatchThread.java:139)
	at java.awt.EventDispatchThread.run(EventDispatchThread.java:97)
2012-07-11 21:32:30,265 [AWT-EventQueue-0] INFO - Closing Application!!!
